<?xml version="1.0" encoding="UTF-8" ?>
<testsuites>
  <testsuite errors="0" failures="0" hostname="108.166.178.244" id="0" name="TestBox xUnit suite for cf10 and above" package="" skipped="1" tests="48" time="0.033" timestamp="2014-11-12T21:16:39">
    <properties>
[...]
</properties>
    <testcase classname="test.specs.AssertionsTest" name="TestBox xUnit suite for cf10 and above testThrows" time="0.001" />
    <testcase classname="test.specs.AssertionsTest" name="TestBox xUnit suite for cf10 and above testLengthOf" time="0" />
    <testcase classname="test.specs.AssertionsTest" name="TestBox xUnit suite for cf10 and above testNotKey" time="0.001" />
    <testcase classname="test.specs.AssertionsTest" name="TestBox xUnit suite for cf10 and above testIsEmpty" time="0" />
    <testcase classname="test.specs.AssertionsTest" name="TestBox xUnit suite for cf10 and above testisEqualWithCase" time="0" />
    <testcase classname="test.specs.AssertionsTest" name="TestBox xUnit suite for cf10 and above testMatchWithCase" time="0.001" />
    <testcase classname="test.specs.AssertionsTest" name="TestBox xUnit suite for cf10 and above testNegatedAwesomeCustomAssertion" time="0" />
    <testcase classname="test.specs.AssertionsTest" name="TestBox xUnit suite for cf10 and above testExpectedExceptionWithValueAndRegex" time="0.001" />
    <testcase classname="test.specs.AssertionsTest" name="TestBox xUnit suite for cf10 and above testIsGT" time="0" />
    <testcase classname="test.specs.AssertionsTest" name="TestBox xUnit suite for cf10 and above testExpectedExceptionFromMethodWithType" time="0" />
    <testcase classname="test.specs.AssertionsTest" name="TestBox xUnit suite for cf10 and above testAssert" time="0" />
    <testcase classname="test.specs.AssertionsTest" name="TestBox xUnit suite for cf10 and above testNotDeepKey" time="0.001" />
    <testcase classname="test.specs.AssertionsTest" name="TestBox xUnit suite for cf10 and above testDeepKey" time="0" />
    <testcase classname="test.specs.AssertionsTest" name="TestBox xUnit suite for cf10 and above testIncludes" time="0" />
    <testcase classname="test.specs.AssertionsTest" name="TestBox xUnit suite for cf10 and above testInstanceOf" time="0.001" />
    <testcase classname="test.specs.AssertionsTest" name="TestBox xUnit suite for cf10 and above testNotLengthOf" time="0" />
    <testcase classname="test.specs.AssertionsTest" name="TestBox xUnit suite for cf10 and above testnotIncludesWithCase" time="0" />
    <testcase classname="test.specs.AssertionsTest" name="TestBox xUnit suite for cf10 and above testIsGTE" time="0" />
    <testcase classname="test.specs.AssertionsTest" name="TestBox xUnit suite for cf10 and above testIsEmptyFunctions" time="0.001" />
    <testcase classname="test.specs.AssertionsTest" name="TestBox xUnit suite for cf10 and above testIsEqualQuery" time="0.003" />
    <testcase classname="test.specs.AssertionsTest" name="TestBox xUnit suite for cf10 and above testIncludesWithCase" time="0.001" />
    <testcase classname="test.specs.AssertionsTest" name="TestBox xUnit suite for cf10 and above testNotInstanceOf" time="0" />
    <testcase classname="test.specs.AssertionsTest" name="TestBox xUnit suite for cf10 and above testIsNotEmpty" time="0" />
    <testcase classname="test.specs.AssertionsTest" name="TestBox xUnit suite for cf10 and above testExpectedExceptionNoValue" time="0.001" />
    <testcase classname="test.specs.AssertionsTest" name="TestBox xUnit suite for cf10 and above testExpectedExceptionFromMethod" time="0" />
    <testcase classname="test.specs.AssertionsTest" name="TestBox xUnit suite for cf10 and above testisNotEqual" time="0.001" />
    <testcase classname="test.specs.AssertionsTest" name="TestBox xUnit suite for cf10 and above testIsLTE" time="0" />
    <testcase classname="test.specs.AssertionsTest" name="TestBox xUnit suite for cf10 and above testAssertShortcut" time="0.001" />
    <testcase classname="test.specs.AssertionsTest" name="TestBox xUnit suite for cf10 and above testnullValue" time="0" />
    <testcase classname="test.specs.AssertionsTest" name="TestBox xUnit suite for cf10 and above testThatShouldFailWithShortcut" time="0" />
    <testcase classname="test.specs.AssertionsTest" name="TestBox xUnit suite for cf10 and above testNotThrows" time="0" />
    <testcase classname="test.specs.AssertionsTest" name="TestBox xUnit suite for cf10 and above testNotMatch" time="0" />
    <testcase classname="test.specs.AssertionsTest" name="TestBox xUnit suite for cf10 and above testNotIncludes" time="0" />
    <testcase classname="test.specs.AssertionsTest" name="TestBox xUnit suite for cf10 and above testNotNullValue" time="0" />
    <testcase classname="test.specs.AssertionsTest" name="TestBox xUnit suite for cf10 and above testFloatingPointNumberAddition" time="0.001" />
    <testcase classname="test.specs.AssertionsTest" name="TestBox xUnit suite for cf10 and above testAwesomeCustomAssertion" time="0" />
    <testcase classname="test.specs.AssertionsTest" name="TestBox xUnit suite for cf10 and above testisEqual" time="0.01" />
    <testcase classname="test.specs.AssertionsTest" name="TestBox xUnit suite for cf10 and above testExpectedExceptionFromMethodWithTypeAndRegex" time="0.001" />
    <testcase classname="test.specs.AssertionsTest" name="TestBox xUnit suite for cf10 and above testSkipped" time="0">
      <skipped />
    </testcase>
    <testcase classname="test.specs.AssertionsTest" name="TestBox xUnit suite for cf10 and above testisTrue" time="0" />
    <testcase classname="test.specs.AssertionsTest" name="TestBox xUnit suite for cf10 and above testIsLT" time="0" />
    <testcase classname="test.specs.AssertionsTest" name="TestBox xUnit suite for cf10 and above testisFalse" time="0.001" />
    <testcase classname="test.specs.AssertionsTest" name="TestBox xUnit suite for cf10 and above testKey" time="0" />
    <testcase classname="test.specs.AssertionsTest" name="TestBox xUnit suite for cf10 and above testExpectedExceptionWithValue" time="0" />
    <testcase classname="test.specs.AssertionsTest" name="TestBox xUnit suite for cf10 and above testTypeOf" time="0.001" />
    <testcase classname="test.specs.AssertionsTest" name="TestBox xUnit suite for cf10 and above testThatShouldFail" time="0.001" />
    <testcase classname="test.specs.AssertionsTest" name="TestBox xUnit suite for cf10 and above testMatch" time="0" />
    <testcase classname="test.specs.AssertionsTest" name="TestBox xUnit suite for cf10 and above testNotTypeOf" time="0.002" />
  </testsuite>
  <testsuite errors="0" failures="0" hostname="108.166.178.244" id="1" name="TestBox xUnit suite for CF9" package="" skipped="1" tests="43" time="0.031" timestamp="2014-11-12T21:16:39">
    <properties>
[...]
</properties>
    <testcase classname="test.specs.Assertionscf9Test" name="TestBox xUnit suite for CF9 testLengthOf" time="0.001" />
    <testcase classname="test.specs.Assertionscf9Test" name="TestBox xUnit suite for CF9 testNotKey" time="0" />
    <testcase classname="test.specs.Assertionscf9Test" name="TestBox xUnit suite for CF9 testIsEmpty" time="0" />
    <testcase classname="test.specs.Assertionscf9Test" name="TestBox xUnit suite for CF9 testisEqualWithCase" time="0" />
    <testcase classname="test.specs.Assertionscf9Test" name="TestBox xUnit suite for CF9 testMatchWithCase" time="0" />
    <testcase classname="test.specs.Assertionscf9Test" name="TestBox xUnit suite for CF9 testExpectedExceptionWithValueAndRegex" time="0.001" />
    <testcase classname="test.specs.Assertionscf9Test" name="TestBox xUnit suite for CF9 testIsGT" time="0" />
    <testcase classname="test.specs.Assertionscf9Test" name="TestBox xUnit suite for CF9 testExpectedExceptionFromMethodWithType" time="0.001" />
    <testcase classname="test.specs.Assertionscf9Test" name="TestBox xUnit suite for CF9 testAssert" time="0" />
    <testcase classname="test.specs.Assertionscf9Test" name="TestBox xUnit suite for CF9 testNotDeepKey" time="0" />
    <testcase classname="test.specs.Assertionscf9Test" name="TestBox xUnit suite for CF9 testDeepKey" time="0" />
    <testcase classname="test.specs.Assertionscf9Test" name="TestBox xUnit suite for CF9 testIncludes" time="0" />
    <testcase classname="test.specs.Assertionscf9Test" name="TestBox xUnit suite for CF9 testInstanceOf" time="0" />
    <testcase classname="test.specs.Assertionscf9Test" name="TestBox xUnit suite for CF9 testNotLengthOf" time="0.001" />
    <testcase classname="test.specs.Assertionscf9Test" name="TestBox xUnit suite for CF9 testnotIncludesWithCase" time="0" />
    <testcase classname="test.specs.Assertionscf9Test" name="TestBox xUnit suite for CF9 testIsGTE" time="0" />
    <testcase classname="test.specs.Assertionscf9Test" name="TestBox xUnit suite for CF9 testIsEqualQuery" time="0.004" />
    <testcase classname="test.specs.Assertionscf9Test" name="TestBox xUnit suite for CF9 testIncludesWithCase" time="0" />
    <testcase classname="test.specs.Assertionscf9Test" name="TestBox xUnit suite for CF9 testNotInstanceOf" time="0.001" />
    <testcase classname="test.specs.Assertionscf9Test" name="TestBox xUnit suite for CF9 testIsNotEmpty" time="0" />
    <testcase classname="test.specs.Assertionscf9Test" name="TestBox xUnit suite for CF9 testExpectedExceptionNoValue" time="0" />
    <testcase classname="test.specs.Assertionscf9Test" name="TestBox xUnit suite for CF9 testExpectedExceptionFromMethod" time="0.001" />
    <testcase classname="test.specs.Assertionscf9Test" name="TestBox xUnit suite for CF9 testisNotEqual" time="0.001" />
    <testcase classname="test.specs.Assertionscf9Test" name="TestBox xUnit suite for CF9 testIsLTE" time="0" />
    <testcase classname="test.specs.Assertionscf9Test" name="TestBox xUnit suite for CF9 testAssertShortcut" time="0" />
    <testcase classname="test.specs.Assertionscf9Test" name="TestBox xUnit suite for CF9 testThatShouldFailWithShortcut" time="0.001" />
    <testcase classname="test.specs.Assertionscf9Test" name="TestBox xUnit suite for CF9 testnullValue" time="0" />
    <testcase classname="test.specs.Assertionscf9Test" name="TestBox xUnit suite for CF9 testNotMatch" time="0" />
    <testcase classname="test.specs.Assertionscf9Test" name="TestBox xUnit suite for CF9 testNotIncludes" time="0.001" />
    <testcase classname="test.specs.Assertionscf9Test" name="TestBox xUnit suite for CF9 testNotNullValue" time="0" />
    <testcase classname="test.specs.Assertionscf9Test" name="TestBox xUnit suite for CF9 testFloatingPointNumberAddition" time="0" />
    <testcase classname="test.specs.Assertionscf9Test" name="TestBox xUnit suite for CF9 testisEqual" time="0.009" />
    <testcase classname="test.specs.Assertionscf9Test" name="TestBox xUnit suite for CF9 testExpectedExceptionFromMethodWithTypeAndRegex" time="0.001" />
    <testcase classname="test.specs.Assertionscf9Test" name="TestBox xUnit suite for CF9 testSkipped" time="0">
      <skipped />
    </testcase>
    <testcase classname="test.specs.Assertionscf9Test" name="TestBox xUnit suite for CF9 testisTrue" time="0" />
    <testcase classname="test.specs.Assertionscf9Test" name="TestBox xUnit suite for CF9 testIsLT" time="0" />
    <testcase classname="test.specs.Assertionscf9Test" name="TestBox xUnit suite for CF9 testisFalse" time="0.001" />
    <testcase classname="test.specs.Assertionscf9Test" name="TestBox xUnit suite for CF9 testKey" time="0" />
    <testcase classname="test.specs.Assertionscf9Test" name="TestBox xUnit suite for CF9 testExpectedExceptionWithValue" time="0" />
    <testcase classname="test.specs.Assertionscf9Test" name="TestBox xUnit suite for CF9 testTypeOf" time="0.001" />
    <testcase classname="test.specs.Assertionscf9Test" name="TestBox xUnit suite for CF9 testThatShouldFail" time="0.001" />
    <testcase classname="test.specs.Assertionscf9Test" name="TestBox xUnit suite for CF9 testMatch" time="0" />
    <testcase classname="test.specs.Assertionscf9Test" name="TestBox xUnit suite for CF9 testNotTypeOf" time="0.001" />
  </testsuite>
  <testsuite errors="0" failures="0" hostname="108.166.178.244" id="2" name="BDDInheritanceTest" package="test.specs" skipped="3" tests="7" time="0.033" timestamp="2014-11-12T21:16:39">
    <properties>
[...]
</properties>
    <testcase classname="test.specs.BDDInheritanceTest" name="A spec is just a closure so it can contain code" time="0.004" />
    <testcase classname="test.specs.BDDInheritanceTest" name="A spec can have more than one expectation test" time="0.012" />
    <testcase classname="test.specs.BDDInheritanceTest" name="A spec can have negative expectations" time="0.011" />
    <testcase classname="test.specs.BDDInheritanceTest" name="A spec can have tests that can be skipped easily like this one" time="0">
      <skipped />
    </testcase>
    <testcase classname="test.specs.BDDInheritanceTest" name="A spec can have tests that execute if the right environment exists (railo only)" time="0.004" />
    <testcase classname="test.specs.BDDInheritanceTest" name="A spec can have tests that execute if the right environment exists (acf only)" time="0.001">
      <skipped />
    </testcase>
    <testcase classname="test.specs.BDDInheritanceTest" name="A spec can have a skip that is executed at runtime" time="0">
      <skipped />
    </testcase>
  </testsuite>
  <testsuite errors="0" failures="0" hostname="108.166.178.244" id="3" name="BDDLifecycleTest" package="test.specs" skipped="0" tests="3" time="0.048" timestamp="2014-11-12T21:16:39">
    <properties>
[...]
</properties>
    <testcase classname="test.specs.BDDLifecycleTest" name="A suite before should be 1" time="0.009" />
    <testcase classname="test.specs.BDDLifecycleTest" name="A suite A nested suite before should be 4" time="0.015" />
    <testcase classname="test.specs.BDDLifecycleTest" name="A suite A nested suite Another nested suite before should be 11" time="0.024" />
  </testsuite>
  <testsuite errors="0" failures="0" hostname="108.166.178.244" id="4" name="BDDTest" package="test.specs" skipped="6" tests="27" time="1.349" timestamp="2014-11-12T21:16:39">
    <properties>
[...]
</properties>
    <testcase classname="test.specs.BDDTest" name="A spec is just a closure so it can contain code" time="0.214" />
    <testcase classname="test.specs.BDDTest" name="A spec can have more than one expectation test" time="0.015" />
    <testcase classname="test.specs.BDDTest" name="A spec can have negative expectations" time="0.012" />
    <testcase classname="test.specs.BDDTest" name="A spec can get private properties" time="0.388" />
    <testcase classname="test.specs.BDDTest" name="A spec can have tests that can be skipped easily like this one" time="0">
      <skipped />
    </testcase>
    <testcase classname="test.specs.BDDTest" name="A spec can have tests that execute if the right environment exists (railo only)" time="0.007" />
    <testcase classname="test.specs.BDDTest" name="A spec can have tests that execute if the right environment exists (acf only)" time="0">
      <skipped />
    </testcase>
    <testcase classname="test.specs.BDDTest" name="A spec can have a skip that is executed at runtime" time="0.001">
      <skipped />
    </testcase>
    <testcase classname="test.specs.BDDTest" name="A spec can have null expectations" time="0.008" />
    <testcase classname="test.specs.BDDTest" name="A spec can have discrete math" time="0.013" />
    <testcase classname="test.specs.BDDTest" name="Custom Matchers are cool and foo should be really false" time="0.005" />
    <testcase classname="test.specs.BDDTest" name="Custom Matchers are still cool and the negation of foo should be really true" time="0.006" />
    <testcase classname="test.specs.BDDTest" name="Custom Matchers Nested suite: Testing loading via a CFC should be awesome" time="0.189" />
    <testcase classname="test.specs.BDDTest" name="Custom Matchers Nested suite: Testing loading via a CFC should know its maker" time="0.01" />
    <testcase classname="test.specs.BDDTest" name="Custom Matchers Nested suite: Testing loading via a CFC Yet another nested suite should have cascaded beforeEach() call from parent" time="0.013" />
    <testcase classname="test.specs.BDDTest" name="Custom Matchers Nested suite: Testing loading via a CFC Yet another nested suite should have cascaded beforeEach() call from grandparent" time="0.012" />
    <testcase classname="test.specs.BDDTest" name="Custom Matchers Another Nested Suite can also be awesome" time="0.007" />
    <testcase classname="test.specs.BDDTest" name="A railo only suite should only execute for railo" time="0.003" />
    <testcase classname="test.specs.BDDTest" name="A calculator test suite Can have a separate beforeEach for this suite" time="0.184" />
    <testcase classname="test.specs.BDDTest" name="A calculator test suite can add incorrectly and fail" time="0">
      <skipped />
    </testcase>
    <testcase classname="test.specs.BDDTest" name="A calculator test suite cannot divide by zero" time="0.005" />
    <testcase classname="test.specs.BDDTest" name="A calculator test suite cannot divide by zero with message regex" time="0.01" />
    <testcase classname="test.specs.BDDTest" name="A calculator test suite can do throws with no message" time="0.005" />
    <testcase classname="test.specs.BDDTest" name="A calculator test suite can do throws with message and detail regex" time="0.007" />
    <testcase classname="test.specs.BDDTest" name="A calculator test suite can use a mocked stub" time="0.224" />
    <testcase classname="test.specs.BDDTest" name="A calculator test suite can produce errors" time="0.001">
      <skipped />
    </testcase>
  </testsuite>
  <testsuite errors="0" failures="0" hostname="108.166.178.244" id="5" name="BaseTest" package="test.specs" skipped="0" tests="1" time="0.001" timestamp="2014-11-12T21:16:39">
    <properties>
[...]
</properties>
    <testcase classname="test.specs.BaseTest" name="test.specs.BaseTest testFromInheritance" time="0.001" />
  </testsuite>
  <testsuite errors="0" failures="0" hostname="108.166.178.244" id="6" name="CustomAssertions" package="test.specs" skipped="0" tests="3" time="0.19" timestamp="2014-11-12T21:16:39">
    <properties>
[...]
</properties>
    <testcase classname="test.specs.CustomAssertions" name="Custom Assertions awesome works" time="0.001" />
    <testcase classname="test.specs.CustomAssertions" name="Custom Assertions funky works" time="0" />
    <testcase classname="test.specs.CustomAssertions" name="Custom Assertions funky can fail" time="0.002" />
  </testsuite>
  <testsuite errors="0" failures="0" hostname="108.166.178.244" id="7" name="DebugTests" package="test.specs" skipped="0" tests="4" time="0.022" timestamp="2014-11-12T21:16:39">
    <properties>
[...]
</properties>
    <testcase classname="test.specs.DebugTests" name="Debug can have custom labels" time="0.005" />
    <testcase classname="test.specs.DebugTests" name="Debug can have generic labels" time="0.005" />
    <testcase classname="test.specs.DebugTests" name="Debug can do top functionality" time="0.002" />
    <testcase classname="test.specs.DebugTests" name="Debug another Suite can have generic labels too" time="0.008" />
  </testsuite>
  <testsuite errors="0" failures="0" hostname="108.166.178.244" id="8" name="EdgeCases" package="test.specs" skipped="0" tests="1" time="0.004" timestamp="2014-11-12T21:16:39">
    <properties>
[...]
</properties>
    <testcase classname="test.specs.EdgeCases" name="Tests sparse array works" time="0.003" />
  </testsuite>
  <testsuite errors="0" failures="0" hostname="108.166.178.244" id="9" name="LabelsTest" package="test.specs" skipped="0" tests="5" time="0.012" timestamp="2014-11-12T21:16:39">
    <properties>
[...]
</properties>
    <testcase classname="test.specs.LabelsTest" name="Suite with a label should execute" time="0.01" />
    <testcase classname="test.specs.LabelsTest" name="Suite with a label should execute as well" time="0" />
    <testcase classname="test.specs.LabelsTest" name="Suite with a label Nested Suite should execute as well, as nested suite is inside a label suite" time="0.001" />
    <testcase classname="test.specs.LabelsTest" name="Suites with no labels should not execute" time="0" />
    <testcase classname="test.specs.LabelsTest" name="Suites with no labels should not execute" time="0" />
  </testsuite>
  <testsuite errors="0" failures="0" hostname="108.166.178.244" id="10" name="MXUnitCompatTest" package="test.specs" skipped="0" tests="36" time="1.014" timestamp="2014-11-12T21:16:39">
    <properties>
[...]
</properties>
    <testcase classname="test.specs.MXUnitCompatTest" name="test.specs.MXUnitCompatTest testIsDefined" time="0.001" />
    <testcase classname="test.specs.MXUnitCompatTest" name="test.specs.MXUnitCompatTest testassertIsEmptyArray" time="0" />
    <testcase classname="test.specs.MXUnitCompatTest" name="test.specs.MXUnitCompatTest testInjectProperty" time="0.001" />
    <testcase classname="test.specs.MXUnitCompatTest" name="test.specs.MXUnitCompatTest testExpectedExceptionFromMethodWithType" time="0.001" />
    <testcase classname="test.specs.MXUnitCompatTest" name="test.specs.MXUnitCompatTest testassertIsStruct" time="0" />
    <testcase classname="test.specs.MXUnitCompatTest" name="test.specs.MXUnitCompatTest testMockMethods" time="0.001" />
    <testcase classname="test.specs.MXUnitCompatTest" name="test.specs.MXUnitCompatTest testassertNotSame" time="0.002" />
    <testcase classname="test.specs.MXUnitCompatTest" name="test.specs.MXUnitCompatTest testAssert" time="0" />
    <testcase classname="test.specs.MXUnitCompatTest" name="test.specs.MXUnitCompatTest testAssertArrayEquals" time="0.001" />
    <testcase classname="test.specs.MXUnitCompatTest" name="test.specs.MXUnitCompatTest testassertIsEmptyQuery" time="0" />
    <testcase classname="test.specs.MXUnitCompatTest" name="test.specs.MXUnitCompatTest testassertIsEmptyStruct" time="0.001" />
    <testcase classname="test.specs.MXUnitCompatTest" name="test.specs.MXUnitCompatTest testassertQueryEquals" time="0" />
    <testcase classname="test.specs.MXUnitCompatTest" name="test.specs.MXUnitCompatTest testAssertEquals" time="0.001" />
    <testcase classname="test.specs.MXUnitCompatTest" name="test.specs.MXUnitCompatTest testassertIsXMLDoc" time="0.004" />
    <testcase classname="test.specs.MXUnitCompatTest" name="test.specs.MXUnitCompatTest testAssertTrue" time="0" />
    <testcase classname="test.specs.MXUnitCompatTest" name="test.specs.MXUnitCompatTest testassertStructEquals" time="0" />
    <testcase classname="test.specs.MXUnitCompatTest" name="test.specs.MXUnitCompatTest testassertIsExactTypeOf" time="0" />
    <testcase classname="test.specs.MXUnitCompatTest" name="test.specs.MXUnitCompatTest testExpectedExceptionNoValue" time="0" />
    <testcase classname="test.specs.MXUnitCompatTest" name="test.specs.MXUnitCompatTest testassertIsArray" time="0" />
    <testcase classname="test.specs.MXUnitCompatTest" name="test.specs.MXUnitCompatTest testAssertEqualsCase" time="0" />
    <testcase classname="test.specs.MXUnitCompatTest" name="test.specs.MXUnitCompatTest testassertEqualsWithTolerance" time="0" />
    <testcase classname="test.specs.MXUnitCompatTest" name="test.specs.MXUnitCompatTest testassertNotEquals" time="0.001" />
    <testcase classname="test.specs.MXUnitCompatTest" name="test.specs.MXUnitCompatTest testFailsMethod" time="0" />
    <testcase classname="test.specs.MXUnitCompatTest" name="test.specs.MXUnitCompatTest testAddAssertDecorator" time="0.001" />
    <testcase classname="test.specs.MXUnitCompatTest" name="test.specs.MXUnitCompatTest testDebug" time="0" />
    <testcase classname="test.specs.MXUnitCompatTest" name="test.specs.MXUnitCompatTest testMakePublic" time="0.742" />
    <testcase classname="test.specs.MXUnitCompatTest" name="test.specs.MXUnitCompatTest testInjectMethod" time="0.002" />
    <testcase classname="test.specs.MXUnitCompatTest" name="test.specs.MXUnitCompatTest testRaiseException_pass" time="0.001" />
    <testcase classname="test.specs.MXUnitCompatTest" name="test.specs.MXUnitCompatTest testassertIsQuery" time="0" />
    <testcase classname="test.specs.MXUnitCompatTest" name="test.specs.MXUnitCompatTest testExpectedExceptionFromMethodWithTypeAndRegex" time="0.001" />
    <testcase classname="test.specs.MXUnitCompatTest" name="test.specs.MXUnitCompatTest testassertFalse" time="0" />
    <testcase classname="test.specs.MXUnitCompatTest" name="test.specs.MXUnitCompatTest testFromInheritance" time="0" />
    <testcase classname="test.specs.MXUnitCompatTest" name="test.specs.MXUnitCompatTest testAssertIsEmpty" time="0" />
    <testcase classname="test.specs.MXUnitCompatTest" name="test.specs.MXUnitCompatTest testMakePublicWithPackage" time="0.243" />
    <testcase classname="test.specs.MXUnitCompatTest" name="test.specs.MXUnitCompatTest testExpectedExceptionWithValue" time="0.001" />
    <testcase classname="test.specs.MXUnitCompatTest" name="test.specs.MXUnitCompatTest testassertSame" time="0.004" />
  </testsuite>
  <testsuite errors="0" failures="0" hostname="108.166.178.244" id="11" name="NestedDescribeTest" package="test.specs" skipped="0" tests="1" time="0.005" timestamp="2014-11-12T21:16:39">
    <properties>
[...]
</properties>
    <testcase classname="test.specs.NestedDescribeTest" name="Outer describe Inner describe Tests are ONLY in inner it()" time="0.003" />
  </testsuite>
  <testsuite errors="0" failures="0" hostname="108.166.178.244" id="12" name="ThreadCollisions" package="test.specs" skipped="0" tests="2" time="0.011" timestamp="2014-11-12T21:16:39">
    <properties>
[...]
</properties>
    <testcase classname="test.specs.ThreadCollisions" name="Thread Collisions will NOT fail on the second spec due to identical spec name based thread name" time="0" />
    <testcase classname="test.specs.ThreadCollisions" name="Thread Collisions will NOT fail on the second spec due to identical spec name based thread name" time="0" />
  </testsuite>
  <testsuite errors="0" failures="0" hostname="108.166.178.244" id="13" name="MockBox Suite" package="" skipped="0" tests="24" time="1.41" timestamp="2014-11-12T21:16:39">
    <properties>
[...]
</properties>
    <testcase classname="test.specs.mockbox.MockBoxTest" name="MockBox Suite testCollaborator" time="0.05" />
    <testcase classname="test.specs.mockbox.MockBoxTest" name="MockBox Suite testVerifyCallCount" time="0.006" />
    <testcase classname="test.specs.mockbox.MockBoxTest" name="MockBox Suite testInterfaceContracts" time="0.342" />
    <testcase classname="test.specs.mockbox.MockBoxTest" name="MockBox Suite testStubs" time="0.007" />
    <testcase classname="test.specs.mockbox.MockBoxTest" name="MockBox Suite testVerifyAtLeast" time="0.018" />
    <testcase classname="test.specs.mockbox.MockBoxTest" name="MockBox Suite testContainsClosureOrUDF" time="0.012" />
    <testcase classname="test.specs.mockbox.MockBoxTest" name="MockBox Suite testGetProperty" time="0" />
    <testcase classname="test.specs.mockbox.MockBoxTest" name="MockBox Suite testVerifyOnce" time="0.019" />
    <testcase classname="test.specs.mockbox.MockBoxTest" name="MockBox Suite testVerifyNever" time="0.08" />
    <testcase classname="test.specs.mockbox.MockBoxTest" name="MockBox Suite testCallbacks" time="0.139" />
    <testcase classname="test.specs.mockbox.MockBoxTest" name="MockBox Suite testContainsCFKeyword" time="0.195" />
    <testcase classname="test.specs.mockbox.MockBoxTest" name="MockBox Suite testMockPrivateMethods" time="0.019" />
    <testcase classname="test.specs.mockbox.MockBoxTest" name="MockBox Suite testMockWithArguments" time="0.052" />
    <testcase classname="test.specs.mockbox.MockBoxTest" name="MockBox Suite testStubWithInheritance" time="0.011" />
    <testcase classname="test.specs.mockbox.MockBoxTest" name="MockBox Suite testStateMachineResults" time="0.11" />
    <testcase classname="test.specs.mockbox.MockBoxTest" name="MockBox Suite testProperties" time="0.001" />
    <testcase classname="test.specs.mockbox.MockBoxTest" name="MockBox Suite testMethodArgumentSignatures" time="0.149" />
    <testcase classname="test.specs.mockbox.MockBoxTest" name="MockBox Suite testStubWithImplements" time="0.041" />
    <testcase classname="test.specs.mockbox.MockBoxTest" name="MockBox Suite testSpys" time="0.014" />
    <testcase classname="test.specs.mockbox.MockBoxTest" name="MockBox Suite testMockRealMethods" time="0.02" />
    <testcase classname="test.specs.mockbox.MockBoxTest" name="MockBox Suite testVirtualMethods" time="0.025" />
    <testcase classname="test.specs.mockbox.MockBoxTest" name="MockBox Suite testVerifyAtMost" time="0.018" />
    <testcase classname="test.specs.mockbox.MockBoxTest" name="MockBox Suite testCFUDF" time="0.028" />
    <testcase classname="test.specs.mockbox.MockBoxTest" name="MockBox Suite testMockMethodCallCount" time="0.049" />
  </testsuite>
  <testsuite errors="0" failures="0" hostname="108.166.178.244" id="14" name="EmbedTest" package="test.specs.more" skipped="1" tests="48" time="0.033" timestamp="2014-11-12T21:16:39">
    <properties>
[...]
</properties>
    <testcase classname="test.specs.more.EmbedTest" name="test.specs.more.EmbedTest testThrows" time="0.001" />
    <testcase classname="test.specs.more.EmbedTest" name="test.specs.more.EmbedTest testLengthOf" time="0.001" />
    <testcase classname="test.specs.more.EmbedTest" name="test.specs.more.EmbedTest testNotKey" time="0" />
    <testcase classname="test.specs.more.EmbedTest" name="test.specs.more.EmbedTest testIsEmpty" time="0.001" />
    <testcase classname="test.specs.more.EmbedTest" name="test.specs.more.EmbedTest testisEqualWithCase" time="0" />
    <testcase classname="test.specs.more.EmbedTest" name="test.specs.more.EmbedTest testMatchWithCase" time="0" />
    <testcase classname="test.specs.more.EmbedTest" name="test.specs.more.EmbedTest testNegatedAwesomeCustomAssertion" time="0" />
    <testcase classname="test.specs.more.EmbedTest" name="test.specs.more.EmbedTest testExpectedExceptionWithValueAndRegex" time="0.001" />
    <testcase classname="test.specs.more.EmbedTest" name="test.specs.more.EmbedTest testIsGT" time="0" />
    <testcase classname="test.specs.more.EmbedTest" name="test.specs.more.EmbedTest testExpectedExceptionFromMethodWithType" time="0.001" />
    <testcase classname="test.specs.more.EmbedTest" name="test.specs.more.EmbedTest testAssert" time="0" />
    <testcase classname="test.specs.more.EmbedTest" name="test.specs.more.EmbedTest testNotDeepKey" time="0" />
    <testcase classname="test.specs.more.EmbedTest" name="test.specs.more.EmbedTest testDeepKey" time="0.001" />
    <testcase classname="test.specs.more.EmbedTest" name="test.specs.more.EmbedTest testIncludes" time="0" />
    <testcase classname="test.specs.more.EmbedTest" name="test.specs.more.EmbedTest testInstanceOf" time="0" />
    <testcase classname="test.specs.more.EmbedTest" name="test.specs.more.EmbedTest testNotLengthOf" time="0.001" />
    <testcase classname="test.specs.more.EmbedTest" name="test.specs.more.EmbedTest testnotIncludesWithCase" time="0" />
    <testcase classname="test.specs.more.EmbedTest" name="test.specs.more.EmbedTest testIsGTE" time="0" />
    <testcase classname="test.specs.more.EmbedTest" name="test.specs.more.EmbedTest testIsEmptyFunctions" time="0.001" />
    <testcase classname="test.specs.more.EmbedTest" name="test.specs.more.EmbedTest testIsEqualQuery" time="0.003" />
    <testcase classname="test.specs.more.EmbedTest" name="test.specs.more.EmbedTest testIncludesWithCase" time="0" />
    <testcase classname="test.specs.more.EmbedTest" name="test.specs.more.EmbedTest testNotInstanceOf" time="0" />
    <testcase classname="test.specs.more.EmbedTest" name="test.specs.more.EmbedTest testIsNotEmpty" time="0.001" />
    <testcase classname="test.specs.more.EmbedTest" name="test.specs.more.EmbedTest testExpectedExceptionNoValue" time="0" />
    <testcase classname="test.specs.more.EmbedTest" name="test.specs.more.EmbedTest testExpectedExceptionFromMethod" time="0.001" />
    <testcase classname="test.specs.more.EmbedTest" name="test.specs.more.EmbedTest testisNotEqual" time="0.001" />
    <testcase classname="test.specs.more.EmbedTest" name="test.specs.more.EmbedTest testIsLTE" time="0" />
    <testcase classname="test.specs.more.EmbedTest" name="test.specs.more.EmbedTest testAssertShortcut" time="0" />
    <testcase classname="test.specs.more.EmbedTest" name="test.specs.more.EmbedTest testnullValue" time="0.001" />
    <testcase classname="test.specs.more.EmbedTest" name="test.specs.more.EmbedTest testThatShouldFailWithShortcut" time="0" />
    <testcase classname="test.specs.more.EmbedTest" name="test.specs.more.EmbedTest testNotThrows" time="0" />
    <testcase classname="test.specs.more.EmbedTest" name="test.specs.more.EmbedTest testNotMatch" time="0.001" />
    <testcase classname="test.specs.more.EmbedTest" name="test.specs.more.EmbedTest testNotIncludes" time="0" />
    <testcase classname="test.specs.more.EmbedTest" name="test.specs.more.EmbedTest testNotNullValue" time="0" />
    <testcase classname="test.specs.more.EmbedTest" name="test.specs.more.EmbedTest testFloatingPointNumberAddition" time="0.001" />
    <testcase classname="test.specs.more.EmbedTest" name="test.specs.more.EmbedTest testAwesomeCustomAssertion" time="0" />
    <testcase classname="test.specs.more.EmbedTest" name="test.specs.more.EmbedTest testisEqual" time="0.009" />
    <testcase classname="test.specs.more.EmbedTest" name="test.specs.more.EmbedTest testExpectedExceptionFromMethodWithTypeAndRegex" time="0.001" />
    <testcase classname="test.specs.more.EmbedTest" name="test.specs.more.EmbedTest testSkipped" time="0">
      <skipped />
    </testcase>
    <testcase classname="test.specs.more.EmbedTest" name="test.specs.more.EmbedTest testisTrue" time="0" />
    <testcase classname="test.specs.more.EmbedTest" name="test.specs.more.EmbedTest testIsLT" time="0.001" />
    <testcase classname="test.specs.more.EmbedTest" name="test.specs.more.EmbedTest testisFalse" time="0" />
    <testcase classname="test.specs.more.EmbedTest" name="test.specs.more.EmbedTest testKey" time="0" />
    <testcase classname="test.specs.more.EmbedTest" name="test.specs.more.EmbedTest testExpectedExceptionWithValue" time="0.001" />
    <testcase classname="test.specs.more.EmbedTest" name="test.specs.more.EmbedTest testTypeOf" time="0.001" />
    <testcase classname="test.specs.more.EmbedTest" name="test.specs.more.EmbedTest testThatShouldFail" time="0" />
    <testcase classname="test.specs.more.EmbedTest" name="test.specs.more.EmbedTest testMatch" time="0" />
    <testcase classname="test.specs.more.EmbedTest" name="test.specs.more.EmbedTest testNotTypeOf" time="0.001" />
  </testsuite>
</testsuites>
