<?xml version="1.0" encoding="UTF-8"?><testsuite errors="0" failures="0" hostname="108.166.178.244" name="test.specs.BDDTest" package="test.specs.BDDTest" skipped="6" tests="27" time="1.349" timestamp="2014-11-12T21:16:39"><properties>
[...]
</properties><testcase classname="test.specs.BDDTest" name="A spec is just a closure so it can contain code" time="0.214"/><testcase classname="test.specs.BDDTest" name="A spec can have more than one expectation test" time="0.015"/><testcase classname="test.specs.BDDTest" name="A spec can have negative expectations" time="0.012"/><testcase classname="test.specs.BDDTest" name="A spec can get private properties" time="0.388"/><testcase classname="test.specs.BDDTest" name="A spec can have tests that can be skipped easily like this one" time="0"><skipped/></testcase><testcase classname="test.specs.BDDTest" name="A spec can have tests that execute if the right environment exists (railo only)" time="0.007"/><testcase classname="test.specs.BDDTest" name="A spec can have tests that execute if the right environment exists (acf only)" time="0"><skipped/></testcase><testcase classname="test.specs.BDDTest" name="A spec can have a skip that is executed at runtime" time="0.001"><skipped/></testcase><testcase classname="test.specs.BDDTest" name="A spec can have null expectations" time="0.008"/><testcase classname="test.specs.BDDTest" name="A spec can have discrete math" time="0.013"/><testcase classname="test.specs.BDDTest" name="Custom Matchers are cool and foo should be really false" time="0.005"/><testcase classname="test.specs.BDDTest" name="Custom Matchers are still cool and the negation of foo should be really true" time="0.006"/><testcase classname="test.specs.BDDTest" name="Custom Matchers Nested suite: Testing loading via a CFC should be awesome" time="0.189"/><testcase classname="test.specs.BDDTest" name="Custom Matchers Nested suite: Testing loading via a CFC should know its maker" time="0.01"/><testcase classname="test.specs.BDDTest" name="Custom Matchers Nested suite: Testing loading via a CFC Yet another nested suite should have cascaded beforeEach() call from parent" time="0.013"/><testcase classname="test.specs.BDDTest" name="Custom Matchers Nested suite: Testing loading via a CFC Yet another nested suite should have cascaded beforeEach() call from grandparent" time="0.012"/><testcase classname="test.specs.BDDTest" name="Custom Matchers Another Nested Suite can also be awesome" time="0.007"/><testcase classname="test.specs.BDDTest" name="A railo only suite should only execute for railo" time="0.003"/><testcase classname="test.specs.BDDTest" name="A calculator test suite Can have a separate beforeEach for this suite" time="0.184"/><testcase classname="test.specs.BDDTest" name="A calculator test suite can add incorrectly and fail" time="0"><skipped/></testcase><testcase classname="test.specs.BDDTest" name="A calculator test suite cannot divide by zero" time="0.005"/><testcase classname="test.specs.BDDTest" name="A calculator test suite cannot divide by zero with message regex" time="0.01"/><testcase classname="test.specs.BDDTest" name="A calculator test suite can do throws with no message" time="0.005"/><testcase classname="test.specs.BDDTest" name="A calculator test suite can do throws with message and detail regex" time="0.007"/><testcase classname="test.specs.BDDTest" name="A calculator test suite can use a mocked stub" time="0.224"/><testcase classname="test.specs.BDDTest" name="A calculator test suite can produce errors" time="0.001"><skipped/></testcase></testsuite>