<?xml version="1.0" encoding="UTF-8"?><testsuite errors="0" failures="0" hostname="108.166.178.244" name="test.specs.DebugTests" package="test.specs.DebugTests" skipped="0" tests="4" time="0.022" timestamp="2014-11-12T21:16:39"><properties>
[...]
</properties><testcase classname="test.specs.DebugTests" name="Debug can have custom labels" time="0.005"/><testcase classname="test.specs.DebugTests" name="Debug can have generic labels" time="0.005"/><testcase classname="test.specs.DebugTests" name="Debug can do top functionality" time="0.002"/><testcase classname="test.specs.DebugTests" name="Debug another Suite can have generic labels too" time="0.008"/></testsuite>